#
# A fatal error has been detected by the Java Runtime Environment:
#
#  SIGSEGV (0xb) at pc=0x000000010224c594, pid=4608, tid=0x0000000000004b03
#
# JRE version: Java(TM) SE Runtime Environment (8.0_101-b13) (build 1.8.0_101-b13)
# Java VM: Java HotSpot(TM) 64-Bit Server VM (25.101-b13 mixed mode bsd-amd64 compressed oops)
# Problematic frame:
# V  [libjvm.dylib+0x44c594]
#
# Failed to write core dump. Core dumps have been disabled. To enable core dumping, try "ulimit -c unlimited" before starting Java again
#
# If you would like to submit a bug report, please visit:
#   http://bugreport.java.com/bugreport/crash.jsp
#

---------------  T H R E A D  ---------------

Current thread (0x00007f967a829000):  JavaThread "JDWP Transport Listener: dt_socket" daemon [_thread_in_vm, id=19203, stack(0x0000700010c6d000,0x0000700010d6d000)]

siginfo: si_signo: 11 (SIGSEGV), si_code: 0 (unknown), si_addr: 0x0000000000000000

Registers:
RAX=0x0000000000000001, RBX=0x0000700010d6ca8b, RCX=0x000000010261f360, RDX=0x0000700010d6ca8b
RSP=0x0000700010d6c9d0, RBP=0x0000700010d6c9e0, RSI=0x00007f967a829000, RDI=0x6f725073746c6f42
R8 =0x0000000000000000, R9 =0x00007f967a01ea60, R10=0x0000000000000001, R11=0x0000000000000001
R12=0x00007f967a829000, R13=0x6f725073746c6f42, R14=0x6f725073746c6f42, R15=0x00007f967a002740
RIP=0x000000010224c594, EFLAGS=0x0000000000010206, ERR=0x0000000000000000
  TRAPNO=0x000000000000000d

Top of Stack: (sp=0x0000700010d6c9d0)
0x0000700010d6c9d0:   0000700010d6ca8b 0000700010d6ca8b
0x0000700010d6c9e0:   0000700010d6ca40 00000001021580d2
0x0000700010d6c9f0:   00007f967a829000 0000000000000000
0x0000700010d6ca00:   0000000000000000 0000000000000000
0x0000700010d6ca10:   00007f967a829000 00007f967a829000
0x0000700010d6ca20:   0000700010d6ca8b 0000700010d6ca90
0x0000700010d6ca30:   6f725073746c6f42 0000000000000004
0x0000700010d6ca40:   0000700010d6ca60 0000000100d47780
0x0000700010d6ca50:   0000000000000001 0000700010d6cb08
0x0000700010d6ca60:   0000700010d6cad0 0000000100d2c1f3
0x0000700010d6ca70:   0000700010d6caa0 00007f967a000ef0
0x0000700010d6ca80:   0000000500000032 0000000a00d6cb08
0x0000700010d6ca90:   0000000000000000 0000000000000000
0x0000700010d6caa0:   0000000000000000 0000700010d6cc90
0x0000700010d6cab0:   0000000100d4ee7a 00007f967960d390
0x0000700010d6cac0:   0000700010d6cb08 0000000100d5a598
0x0000700010d6cad0:   0000700010d6cae0 0000000100d2c2ec
0x0000700010d6cae0:   0000700010d6cd00 0000000100d35898
0x0000700010d6caf0:   0000057300000013 00000000000f0200
0x0000700010d6cb00:   00007f96796039c0 0000700010d6cc06
0x0000700010d6cb10:   00007f960000007e 0000700010d6cb20
0x0000700010d6cb20:   00007f96000000ae 0000700010d6cb58
0x0000700010d6cb30:   0000000000000000 0000000000000000
0x0000700010d6cb40:   000005730000001c 00007f960000f680
0x0000700010d6cb50:   0000700010d6cb58 967f000005000000
0x0000700010d6cb60:   0900000078d06079 6f69746974726170
0x0000700010d6cb70:   435b28080000006e 0000004929434949
0x0000700010d6cb80:   7f00000a00000000 00000068d0607996
0x0000700010d6cb90:   0000006e69616d04 6176616a4c5b2816
0x0000700010d6cba0:   74532f676e616c2f 0056293b676e6972
0x0000700010d6cbb0:   0009000000000000 0080d06079967f00
0x0000700010d6cbc0:   0070617773040000 4949495b28070000 

Instructions: (pc=0x000000010224c594)
0x000000010224c574:   40 48 48 85 c0 75 e0 30 c0 0f b6 c0 5d c3 31 c0
0x000000010224c584:   5d c3 55 48 89 e5 53 48 83 ec 08 48 85 ff 74 24
0x000000010224c594:   48 8b 1f 48 85 db 74 1c 48 83 fb 37 74 16 48 8b
0x000000010224c5a4:   03 48 89 df ff 50 10 84 c0 b8 00 00 00 00 48 0f 

Register to memory mapping:

RAX=0x0000000000000001 is an unknown value
RBX=0x0000700010d6ca8b is pointing into the stack for thread: 0x00007f967a829000
RCX=0x000000010261f360: UseMembar+0 in /Library/Java/JavaVirtualMachines/jdk1.8.0_101.jdk/Contents/Home/jre/lib/server/libjvm.dylib at 0x0000000101e00000
RDX=0x0000700010d6ca8b is pointing into the stack for thread: 0x00007f967a829000
RSP=0x0000700010d6c9d0 is pointing into the stack for thread: 0x00007f967a829000
RBP=0x0000700010d6c9e0 is pointing into the stack for thread: 0x00007f967a829000
RSI=0x00007f967a829000 is a thread
RDI=0x6f725073746c6f42 is an unknown value
R8 =0x0000000000000000 is an unknown value
R9 =0x00007f967a01ea60 is an unknown value
R10=0x0000000000000001 is an unknown value
R11=0x0000000000000001 is an unknown value
R12=0x00007f967a829000 is a thread
R13=0x6f725073746c6f42 is an unknown value
R14=0x6f725073746c6f42 is an unknown value
R15=0x00007f967a002740 is an unknown value


Stack: [0x0000700010c6d000,0x0000700010d6d000],  sp=0x0000700010d6c9d0,  free space=1022k
Native frames: (J=compiled Java code, j=interpreted, Vv=VM code, C=native code)
V  [libjvm.dylib+0x44c594]
V  [libjvm.dylib+0x3580d2]
C  [libjdwp.dylib+0x20780]  isMethodSynthetic+0x63
C  [libjdwp.dylib+0x51f3]  methods1+0x10b
C  [libjdwp.dylib+0x52ec]  methodsWithGeneric+0xe
C  [libjdwp.dylib+0xe898]  debugLoop_run+0x1ce
C  [libjdwp.dylib+0x1f6ba]  attachThread+0x4d
V  [libjvm.dylib+0x399438]
V  [libjvm.dylib+0x5695ab]
V  [libjvm.dylib+0x56ac98]
V  [libjvm.dylib+0x48933a]
C  [libsystem_pthread.dylib+0x3aab]  _pthread_body+0xb4
C  [libsystem_pthread.dylib+0x39f7]  _pthread_body+0x0
C  [libsystem_pthread.dylib+0x31fd]  thread_start+0xd
C  0x0000000000000000


---------------  P R O C E S S  ---------------

Java Threads: ( => current thread )
  0x00007f9679812000 JavaThread "Service Thread" daemon [_thread_blocked, id=22787, stack(0x0000700011382000,0x0000700011482000)]
  0x00007f967a82c000 JavaThread "C1 CompilerThread3" daemon [_thread_blocked, id=22275, stack(0x000070001127f000,0x000070001137f000)]
  0x00007f967a82b800 JavaThread "C2 CompilerThread2" daemon [_thread_blocked, id=21763, stack(0x000070001117c000,0x000070001127c000)]
  0x00007f967a82a800 JavaThread "C2 CompilerThread1" daemon [_thread_blocked, id=21251, stack(0x0000700011079000,0x0000700011179000)]
  0x00007f967d029800 JavaThread "C2 CompilerThread0" daemon [_thread_blocked, id=20739, stack(0x0000700010f76000,0x0000700011076000)]
  0x00007f967d036800 JavaThread "JDWP Command Reader" daemon [_thread_in_native, id=20227, stack(0x0000700010e73000,0x0000700010f73000)]
  0x00007f967a828000 JavaThread "JDWP Event Helper Thread" daemon [_thread_blocked, id=19715, stack(0x0000700010d70000,0x0000700010e70000)]
=>0x00007f967a829000 JavaThread "JDWP Transport Listener: dt_socket" daemon [_thread_in_vm, id=19203, stack(0x0000700010c6d000,0x0000700010d6d000)]
  0x00007f967a83d000 JavaThread "Signal Dispatcher" daemon [_thread_blocked, id=18691, stack(0x0000700010b6a000,0x0000700010c6a000)]
  0x00007f967a822000 JavaThread "Finalizer" daemon [_thread_blocked, id=14595, stack(0x0000700010a67000,0x0000700010b67000)]
  0x00007f967a81f800 JavaThread "Reference Handler" daemon [_thread_blocked, id=14083, stack(0x0000700010964000,0x0000700010a64000)]
  0x00007f967a807800 JavaThread "main" [_thread_blocked, id=7171, stack(0x000070000ff46000,0x0000700010046000)]

Other Threads:
  0x00007f967a81b000 VMThread [stack: 0x0000700010861000,0x0000700010961000] [id=13571]
  0x00007f967c805000 WatcherThread [stack: 0x0000700011485000,0x0000700011585000] [id=23299]

VM state:not at safepoint (normal execution)

VM Mutex/Monitor currently owned by a thread: None

Heap:
 PSYoungGen      total 76288K, used 2621K [0x000000076ab00000, 0x0000000770000000, 0x00000007c0000000)
  eden space 65536K, 4% used [0x000000076ab00000,0x000000076ad8f5e8,0x000000076eb00000)
  from space 10752K, 0% used [0x000000076f580000,0x000000076f580000,0x0000000770000000)
  to   space 10752K, 0% used [0x000000076eb00000,0x000000076eb00000,0x000000076f580000)
 ParOldGen       total 175104K, used 0K [0x00000006c0000000, 0x00000006cab00000, 0x000000076ab00000)
  object space 175104K, 0% used [0x00000006c0000000,0x00000006c0000000,0x00000006cab00000)
 Metaspace       used 2665K, capacity 4490K, committed 4864K, reserved 1056768K
  class space    used 286K, capacity 386K, committed 512K, reserved 1048576K

Card table byte_map: [0x000000010315d000,0x000000010395e000] byte_map_base: 0x00000000ffb5d000

Marking Bits: (ParMarkBitMap*) 0x00000001026edd20
 Begin Bits: [0x0000000103eb4000, 0x0000000107eb4000)
 End Bits:   [0x0000000107eb4000, 0x000000010beb4000)

Polling page: 0x0000000100d26000

CodeCache: size=245760Kb used=1076Kb max_used=1076Kb free=244683Kb
 bounds [0x000000010d706000, 0x000000010d976000, 0x000000011c706000]
 total_blobs=237 nmethods=15 adapters=145
 compilation: enabled

Compilation events (10 events):
Event: 0.116 Thread 0x00007f967a82c000   12       3       java.lang.String::indexOf (7 bytes)
Event: 0.116 Thread 0x00007f967a82c000 nmethod 12 0x000000010d811090 code [0x000000010d811200, 0x000000010d811428]
Event: 0.116 Thread 0x00007f967a82c000   11       1       java.lang.ref.Reference::get (5 bytes)
Event: 0.116 Thread 0x00007f967a82c000 nmethod 11 0x000000010d810dd0 code [0x000000010d810f20, 0x000000010d811030]
Event: 0.118 Thread 0x00007f967a82c000   13       1       java.lang.ThreadLocal::access$400 (5 bytes)
Event: 0.118 Thread 0x00007f967a82c000 nmethod 13 0x000000010d810b10 code [0x000000010d810c60, 0x000000010d810d50]
Event: 0.122 Thread 0x00007f967a82c000   14       3       java.lang.StringBuilder::append (8 bytes)
Event: 0.122 Thread 0x00007f967a82c000 nmethod 14 0x000000010d812c90 code [0x000000010d812e00, 0x000000010d812fa8]
Event: 0.122 Thread 0x00007f967a82c000   15       3       java.lang.System::getSecurityManager (4 bytes)
Event: 0.122 Thread 0x00007f967a82c000 nmethod 15 0x000000010d813050 code [0x000000010d8131a0, 0x000000010d8132f0]

GC Heap History (0 events):
No events

Deoptimization events (0 events):
No events

Internal exceptions (2 events):
Event: 0.026 Thread 0x00007f967a807800 Exception <a 'java/lang/NoSuchMethodError': Method sun.misc.Unsafe.defineClass(Ljava/lang/String;[BII)Ljava/lang/Class; name or signature does not match> (0x000000076ab07cc0) thrown at [/HUDSON3/workspace/8-2-build-macosx-x86_64/jdk8u101/7261/hotspot/src/
Event: 0.027 Thread 0x00007f967a807800 Exception <a 'java/lang/NoSuchMethodError': Method sun.misc.Unsafe.prefetchRead(Ljava/lang/Object;J)V name or signature does not match> (0x000000076ab07fa8) thrown at [/HUDSON3/workspace/8-2-build-macosx-x86_64/jdk8u101/7261/hotspot/src/share/vm/prims/jni

Events (10 events):
Event: 18.939 Executing VM operation: GetOrSetLocal
Event: 18.939 Executing VM operation: GetOrSetLocal done
Event: 18.939 Executing VM operation: GetOrSetLocal
Event: 18.939 Executing VM operation: GetOrSetLocal done
Event: 18.962 Executing VM operation: GetOrSetLocal
Event: 18.962 Executing VM operation: GetOrSetLocal done
Event: 18.962 Executing VM operation: GetOrSetLocal
Event: 18.962 Executing VM operation: GetOrSetLocal done
Event: 15984.906 Executing VM operation: RedefineClasses
Event: 15984.906 Executing VM operation: RedefineClasses done


Dynamic libraries:
0x0000000009232000 	/System/Library/Frameworks/Cocoa.framework/Versions/A/Cocoa
0x0000000009232000 	/System/Library/Frameworks/Security.framework/Versions/A/Security
0x0000000009232000 	/System/Library/Frameworks/ApplicationServices.framework/Versions/A/ApplicationServices
0x0000000009232000 	/usr/lib/libz.1.dylib
0x0000000009232000 	/usr/lib/libSystem.B.dylib
0x0000000009232000 	/usr/lib/libobjc.A.dylib
0x0000000009232000 	/System/Library/Frameworks/CoreFoundation.framework/Versions/A/CoreFoundation
0x0000000009232000 	/System/Library/Frameworks/Foundation.framework/Versions/C/Foundation
0x0000000009232000 	/System/Library/Frameworks/AppKit.framework/Versions/C/AppKit
0x0000000009232000 	/System/Library/Frameworks/CoreData.framework/Versions/A/CoreData
0x0000000009232000 	/System/Library/PrivateFrameworks/RemoteViewServices.framework/Versions/A/RemoteViewServices
0x0000000009232000 	/System/Library/PrivateFrameworks/UIFoundation.framework/Versions/A/UIFoundation
0x0000000009232000 	/System/Library/PrivateFrameworks/DFRFoundation.framework/Versions/A/DFRFoundation
0x0000000009232000 	/usr/lib/libenergytrace.dylib
0x0000000009232000 	/System/Library/PrivateFrameworks/SkyLight.framework/Versions/A/SkyLight
0x0000000009232000 	/System/Library/Frameworks/CoreGraphics.framework/Versions/A/CoreGraphics
0x0000000009232000 	/usr/lib/libScreenReader.dylib
0x0000000009232000 	/System/Library/Frameworks/Accelerate.framework/Versions/A/Accelerate
0x0000000009232000 	/System/Library/Frameworks/IOSurface.framework/Versions/A/IOSurface
0x0000000009232000 	/System/Library/Frameworks/AudioToolbox.framework/Versions/A/AudioToolbox
0x0000000009232000 	/System/Library/Frameworks/AudioUnit.framework/Versions/A/AudioUnit
0x0000000009232000 	/System/Library/PrivateFrameworks/DataDetectorsCore.framework/Versions/A/DataDetectorsCore
0x0000000009232000 	/System/Library/PrivateFrameworks/DesktopServicesPriv.framework/Versions/A/DesktopServicesPriv
0x0000000009232000 	/System/Library/Frameworks/Carbon.framework/Versions/A/Frameworks/HIToolbox.framework/Versions/A/HIToolbox
0x0000000009232000 	/usr/lib/libicucore.A.dylib
0x0000000009232000 	/System/Library/Frameworks/QuartzCore.framework/Versions/A/QuartzCore
0x0000000009232000 	/System/Library/Frameworks/Carbon.framework/Versions/A/Frameworks/SpeechRecognition.framework/Versions/A/SpeechRecognition
0x0000000009232000 	/usr/lib/libauto.dylib
0x0000000009232000 	/usr/lib/libxml2.2.dylib
0x0000000009232000 	/System/Library/PrivateFrameworks/CoreUI.framework/Versions/A/CoreUI
0x0000000009232000 	/System/Library/Frameworks/CoreAudio.framework/Versions/A/CoreAudio
0x0000000009232000 	/System/Library/Frameworks/DiskArbitration.framework/Versions/A/DiskArbitration
0x0000000009232000 	/usr/lib/liblangid.dylib
0x0000000009232000 	/System/Library/PrivateFrameworks/MultitouchSupport.framework/Versions/A/MultitouchSupport
0x0000000009232000 	/System/Library/Frameworks/IOKit.framework/Versions/A/IOKit
0x0000000009232000 	/usr/lib/libDiagnosticMessagesClient.dylib
0x0000000009232000 	/System/Library/Frameworks/CoreServices.framework/Versions/A/CoreServices
0x0000000009232000 	/System/Library/PrivateFrameworks/PerformanceAnalysis.framework/Versions/A/PerformanceAnalysis
0x0000000009232000 	/System/Library/PrivateFrameworks/GenerationalStorage.framework/Versions/A/GenerationalStorage
0x0000000009232000 	/System/Library/Frameworks/OpenGL.framework/Versions/A/OpenGL
0x0000000009232000 	/System/Library/Frameworks/CoreImage.framework/Versions/A/CoreImage
0x0000000009232000 	/System/Library/Frameworks/CoreText.framework/Versions/A/CoreText
0x0000000009232000 	/System/Library/Frameworks/ImageIO.framework/Versions/A/ImageIO
0x0000000009232000 	/System/Library/PrivateFrameworks/Backup.framework/Versions/A/Backup
0x0000000009232000 	/usr/lib/libarchive.2.dylib
0x0000000009232000 	/System/Library/Frameworks/CFNetwork.framework/Versions/A/CFNetwork
0x0000000009232000 	/System/Library/Frameworks/SystemConfiguration.framework/Versions/A/SystemConfiguration
0x0000000009232000 	/usr/lib/libCRFSuite.dylib
0x0000000009232000 	/usr/lib/libc++.1.dylib
0x0000000009232000 	/usr/lib/libc++abi.dylib
0x0000000009232000 	/usr/lib/system/libcache.dylib
0x0000000009232000 	/usr/lib/system/libcommonCrypto.dylib
0x0000000009232000 	/usr/lib/system/libcompiler_rt.dylib
0x0000000009232000 	/usr/lib/system/libcopyfile.dylib
0x0000000009232000 	/usr/lib/system/libcorecrypto.dylib
0x0000000009232000 	/usr/lib/system/libdispatch.dylib
0x0000000009232000 	/usr/lib/system/libdyld.dylib
0x0000000009232000 	/usr/lib/system/libkeymgr.dylib
0x0000000009232000 	/usr/lib/system/liblaunch.dylib
0x0000000009232000 	/usr/lib/system/libmacho.dylib
0x0000000009232000 	/usr/lib/system/libquarantine.dylib
0x0000000009232000 	/usr/lib/system/libremovefile.dylib
0x0000000009232000 	/usr/lib/system/libsystem_asl.dylib
0x0000000009232000 	/usr/lib/system/libsystem_blocks.dylib
0x0000000009232000 	/usr/lib/system/libsystem_c.dylib
0x0000000009232000 	/usr/lib/system/libsystem_configuration.dylib
0x0000000009232000 	/usr/lib/system/libsystem_coreservices.dylib
0x0000000009232000 	/usr/lib/system/libsystem_coretls.dylib
0x0000000009232000 	/usr/lib/system/libsystem_dnssd.dylib
0x0000000009232000 	/usr/lib/system/libsystem_info.dylib
0x0000000009232000 	/usr/lib/system/libsystem_kernel.dylib
0x0000000009232000 	/usr/lib/system/libsystem_m.dylib
0x0000000009232000 	/usr/lib/system/libsystem_malloc.dylib
0x0000000009232000 	/usr/lib/system/libsystem_network.dylib
0x0000000009232000 	/usr/lib/system/libsystem_networkextension.dylib
0x0000000009232000 	/usr/lib/system/libsystem_notify.dylib
0x0000000009232000 	/usr/lib/system/libsystem_platform.dylib
0x0000000009232000 	/usr/lib/system/libsystem_pthread.dylib
0x0000000009232000 	/usr/lib/system/libsystem_sandbox.dylib
0x0000000009232000 	/usr/lib/system/libsystem_secinit.dylib
0x0000000009232000 	/usr/lib/system/libsystem_symptoms.dylib
0x0000000009232000 	/usr/lib/system/libsystem_trace.dylib
0x0000000009232000 	/usr/lib/system/libunwind.dylib
0x0000000009232000 	/usr/lib/system/libxpc.dylib
0x0000000009232000 	/usr/lib/libbsm.0.dylib
0x0000000009232000 	/usr/lib/system/libkxld.dylib
0x0000000009232000 	/usr/lib/libcoretls.dylib
0x0000000009232000 	/usr/lib/libcoretls_cfhelpers.dylib
0x0000000009232000 	/usr/lib/libxar.1.dylib
0x0000000009232000 	/usr/lib/libsqlite3.dylib
0x0000000009232000 	/usr/lib/libpam.2.dylib
0x0000000009232000 	/usr/lib/libOpenScriptingUtil.dylib
0x0000000009232000 	/usr/lib/libbz2.1.0.dylib
0x0000000009232000 	/usr/lib/liblzma.5.dylib
0x0000000009232000 	/usr/lib/libnetwork.dylib
0x0000000009232000 	/usr/lib/libpcap.A.dylib
0x0000000009232000 	/System/Library/Frameworks/CoreServices.framework/Versions/A/Frameworks/FSEvents.framework/Versions/A/FSEvents
0x0000000009232000 	/System/Library/Frameworks/CoreServices.framework/Versions/A/Frameworks/CarbonCore.framework/Versions/A/CarbonCore
0x0000000009232000 	/System/Library/Frameworks/CoreServices.framework/Versions/A/Frameworks/Metadata.framework/Versions/A/Metadata
0x0000000009232000 	/System/Library/Frameworks/CoreServices.framework/Versions/A/Frameworks/OSServices.framework/Versions/A/OSServices
0x0000000009232000 	/System/Library/Frameworks/CoreServices.framework/Versions/A/Frameworks/SearchKit.framework/Versions/A/SearchKit
0x0000000009232000 	/System/Library/Frameworks/CoreServices.framework/Versions/A/Frameworks/AE.framework/Versions/A/AE
0x0000000009232000 	/System/Library/Frameworks/CoreServices.framework/Versions/A/Frameworks/LaunchServices.framework/Versions/A/LaunchServices
0x0000000009232000 	/System/Library/Frameworks/CoreServices.framework/Versions/A/Frameworks/DictionaryServices.framework/Versions/A/DictionaryServices
0x0000000009232000 	/System/Library/Frameworks/CoreServices.framework/Versions/A/Frameworks/SharedFileList.framework/Versions/A/SharedFileList
0x0000000009232000 	/System/Library/Frameworks/NetFS.framework/Versions/A/NetFS
0x0000000009232000 	/System/Library/PrivateFrameworks/NetAuth.framework/Versions/A/NetAuth
0x0000000009232000 	/System/Library/PrivateFrameworks/login.framework/Versions/A/Frameworks/loginsupport.framework/Versions/A/loginsupport
0x0000000009232000 	/System/Library/PrivateFrameworks/TCC.framework/Versions/A/TCC
0x0000000009232000 	/usr/lib/libmecabra.dylib
0x0000000009232000 	/System/Library/Frameworks/ApplicationServices.framework/Versions/A/Frameworks/ATS.framework/Versions/A/ATS
0x0000000009232000 	/System/Library/Frameworks/ApplicationServices.framework/Versions/A/Frameworks/ColorSync.framework/Versions/A/ColorSync
0x0000000009232000 	/System/Library/Frameworks/ApplicationServices.framework/Versions/A/Frameworks/HIServices.framework/Versions/A/HIServices
0x0000000009232000 	/System/Library/Frameworks/ApplicationServices.framework/Versions/A/Frameworks/LangAnalysis.framework/Versions/A/LangAnalysis
0x0000000009232000 	/System/Library/Frameworks/ApplicationServices.framework/Versions/A/Frameworks/PrintCore.framework/Versions/A/PrintCore
0x0000000009232000 	/System/Library/Frameworks/ApplicationServices.framework/Versions/A/Frameworks/QD.framework/Versions/A/QD
0x0000000009232000 	/System/Library/Frameworks/ApplicationServices.framework/Versions/A/Frameworks/SpeechSynthesis.framework/Versions/A/SpeechSynthesis
0x0000000009232000 	/System/Library/Frameworks/Accelerate.framework/Versions/A/Frameworks/vImage.framework/Versions/A/vImage
0x0000000009232000 	/System/Library/Frameworks/Accelerate.framework/Versions/A/Frameworks/vecLib.framework/Versions/A/vecLib
0x0000000009232000 	/System/Library/Frameworks/Accelerate.framework/Versions/A/Frameworks/vecLib.framework/Versions/A/libvDSP.dylib
0x0000000009232000 	/System/Library/Frameworks/Accelerate.framework/Versions/A/Frameworks/vecLib.framework/Versions/A/libBNNS.dylib
0x0000000009232000 	/System/Library/Frameworks/Accelerate.framework/Versions/A/Frameworks/vecLib.framework/Versions/A/libQuadrature.dylib
0x0000000009232000 	/System/Library/Frameworks/Accelerate.framework/Versions/A/Frameworks/vecLib.framework/Versions/A/libvMisc.dylib
0x0000000009232000 	/System/Library/Frameworks/Accelerate.framework/Versions/A/Frameworks/vecLib.framework/Versions/A/libLAPACK.dylib
0x0000000009232000 	/System/Library/Frameworks/Accelerate.framework/Versions/A/Frameworks/vecLib.framework/Versions/A/libBLAS.dylib
0x0000000009232000 	/System/Library/Frameworks/Accelerate.framework/Versions/A/Frameworks/vecLib.framework/Versions/A/libLinearAlgebra.dylib
0x0000000009232000 	/System/Library/Frameworks/Accelerate.framework/Versions/A/Frameworks/vecLib.framework/Versions/A/libSparseBLAS.dylib
0x0000000009232000 	/System/Library/Frameworks/ApplicationServices.framework/Versions/A/Frameworks/ATS.framework/Versions/A/Resources/libFontParser.dylib
0x0000000009232000 	/System/Library/Frameworks/ApplicationServices.framework/Versions/A/Frameworks/ATS.framework/Versions/A/Resources/libFontRegistry.dylib
0x0000000009232000 	/System/Library/Frameworks/ImageIO.framework/Versions/A/Resources/libJPEG.dylib
0x0000000009232000 	/System/Library/Frameworks/ImageIO.framework/Versions/A/Resources/libTIFF.dylib
0x0000000009232000 	/System/Library/Frameworks/ImageIO.framework/Versions/A/Resources/libPng.dylib
0x0000000009232000 	/System/Library/Frameworks/ImageIO.framework/Versions/A/Resources/libGIF.dylib
0x0000000009232000 	/System/Library/Frameworks/ImageIO.framework/Versions/A/Resources/libJP2.dylib
0x0000000009232000 	/System/Library/Frameworks/ImageIO.framework/Versions/A/Resources/libRadiance.dylib
0x0000000009232000 	/usr/lib/libcompression.dylib
0x0000000009232000 	/System/Library/PrivateFrameworks/AppleJPEG.framework/Versions/A/AppleJPEG
0x0000000009232000 	/usr/lib/libcups.2.dylib
0x0000000009232000 	/System/Library/Frameworks/Kerberos.framework/Versions/A/Kerberos
0x0000000009232000 	/System/Library/Frameworks/GSS.framework/Versions/A/GSS
0x0000000009232000 	/usr/lib/libresolv.9.dylib
0x0000000009232000 	/usr/lib/libiconv.2.dylib
0x0000000009232000 	/System/Library/PrivateFrameworks/Heimdal.framework/Versions/A/Heimdal
0x0000000009232000 	/usr/lib/libheimdal-asn1.dylib
0x0000000009232000 	/System/Library/Frameworks/OpenDirectory.framework/Versions/A/OpenDirectory
0x0000000009232000 	/System/Library/PrivateFrameworks/CommonAuth.framework/Versions/A/CommonAuth
0x0000000009232000 	/System/Library/Frameworks/OpenDirectory.framework/Versions/A/Frameworks/CFOpenDirectory.framework/Versions/A/CFOpenDirectory
0x0000000009232000 	/System/Library/Frameworks/SecurityFoundation.framework/Versions/A/SecurityFoundation
0x0000000009232000 	/System/Library/PrivateFrameworks/LanguageModeling.framework/Versions/A/LanguageModeling
0x0000000009232000 	/usr/lib/libmarisa.dylib
0x0000000009232000 	/usr/lib/libChineseTokenizer.dylib
0x0000000009232000 	/usr/lib/libcmph.dylib
0x0000000009232000 	/System/Library/PrivateFrameworks/CoreEmoji.framework/Versions/A/CoreEmoji
0x0000000009232000 	/System/Library/Frameworks/ServiceManagement.framework/Versions/A/ServiceManagement
0x0000000009232000 	/usr/lib/libxslt.1.dylib
0x0000000009232000 	/System/Library/Frameworks/Carbon.framework/Versions/A/Frameworks/Ink.framework/Versions/A/Ink
0x0000000009232000 	/System/Library/PrivateFrameworks/TextureIO.framework/Versions/A/TextureIO
0x0000000009232000 	/System/Library/Frameworks/Metal.framework/Versions/A/Metal
0x0000000009232000 	/usr/lib/libate.dylib
0x0000000009232000 	/System/Library/PrivateFrameworks/GPUCompiler.framework/libmetal_timestamp.dylib
0x0000000009232000 	/System/Library/Frameworks/OpenGL.framework/Versions/A/Libraries/libCoreFSCache.dylib
0x0000000009232000 	/System/Library/PrivateFrameworks/IOAccelerator.framework/Versions/A/IOAccelerator
0x0000000009232000 	/System/Library/Frameworks/CoreVideo.framework/Versions/A/CoreVideo
0x0000000009232000 	/usr/lib/libFosl_dynamic.dylib
0x0000000009232000 	/System/Library/PrivateFrameworks/MetalPerformanceShaders.framework/Versions/A/MetalPerformanceShaders
0x0000000009232000 	/System/Library/PrivateFrameworks/FaceCore.framework/Versions/A/FaceCore
0x0000000009232000 	/System/Library/Frameworks/OpenCL.framework/Versions/A/OpenCL
0x0000000009232000 	/System/Library/Frameworks/OpenGL.framework/Versions/A/Libraries/libGLU.dylib
0x0000000009232000 	/System/Library/Frameworks/OpenGL.framework/Versions/A/Libraries/libGFXShared.dylib
0x0000000009232000 	/System/Library/Frameworks/OpenGL.framework/Versions/A/Libraries/libGL.dylib
0x0000000009232000 	/System/Library/Frameworks/OpenGL.framework/Versions/A/Libraries/libGLImage.dylib
0x0000000009232000 	/System/Library/Frameworks/OpenGL.framework/Versions/A/Libraries/libCVMSPluginSupport.dylib
0x0000000009232000 	/System/Library/Frameworks/OpenGL.framework/Versions/A/Libraries/libCoreVMClient.dylib
0x0000000009232000 	/System/Library/PrivateFrameworks/CrashReporterSupport.framework/Versions/A/CrashReporterSupport
0x0000000009232000 	/System/Library/PrivateFrameworks/Sharing.framework/Versions/A/Sharing
0x0000000009232000 	/System/Library/PrivateFrameworks/IconServices.framework/Versions/A/IconServices
0x0000000009232000 	/System/Library/PrivateFrameworks/ProtocolBuffer.framework/Versions/A/ProtocolBuffer
0x0000000009232000 	/System/Library/PrivateFrameworks/Apple80211.framework/Versions/A/Apple80211
0x0000000009232000 	/System/Library/Frameworks/CoreWLAN.framework/Versions/A/CoreWLAN
0x0000000009232000 	/System/Library/PrivateFrameworks/CoreUtils.framework/Versions/A/CoreUtils
0x0000000009232000 	/System/Library/Frameworks/IOBluetooth.framework/Versions/A/IOBluetooth
0x0000000009232000 	/System/Library/PrivateFrameworks/CoreWiFi.framework/Versions/A/CoreWiFi
0x0000000009232000 	/System/Library/Frameworks/CoreBluetooth.framework/Versions/A/CoreBluetooth
0x0000000009232000 	/System/Library/Frameworks/CoreDisplay.framework/Versions/A/CoreDisplay
0x0000000009232000 	/System/Library/PrivateFrameworks/IOPresentment.framework/Versions/A/IOPresentment
0x0000000009232000 	/System/Library/PrivateFrameworks/DebugSymbols.framework/Versions/A/DebugSymbols
0x0000000009232000 	/System/Library/PrivateFrameworks/CoreSymbolication.framework/Versions/A/CoreSymbolication
0x0000000009232000 	/System/Library/PrivateFrameworks/Symbolication.framework/Versions/A/Symbolication
0x0000000009232000 	/System/Library/PrivateFrameworks/AppleFSCompression.framework/Versions/A/AppleFSCompression
0x0000000009232000 	/System/Library/PrivateFrameworks/SpeechRecognitionCore.framework/Versions/A/SpeechRecognitionCore
0x0000000009232000 	/System/Library/PrivateFrameworks/ChunkingLibrary.framework/Versions/A/ChunkingLibrary
0x0000000101e00000 	/Library/Java/JavaVirtualMachines/jdk1.8.0_101.jdk/Contents/Home/jre/lib/server/libjvm.dylib
0x0000000009232000 	/usr/lib/libstdc++.6.dylib
0x0000000100ce3000 	/Library/Java/JavaVirtualMachines/jdk1.8.0_101.jdk/Contents/Home/jre/lib/libverify.dylib
0x0000000100cf1000 	/Library/Java/JavaVirtualMachines/jdk1.8.0_101.jdk/Contents/Home/jre/lib/libjava.dylib
0x0000000100d27000 	/Library/Java/JavaVirtualMachines/jdk1.8.0_101.jdk/Contents/Home/jre/lib/libjdwp.dylib
0x0000000100d72000 	/Library/Java/JavaVirtualMachines/jdk1.8.0_101.jdk/Contents/Home/jre/lib/libnpt.dylib
0x0000000100d7f000 	/Library/Java/JavaVirtualMachines/jdk1.8.0_101.jdk/Contents/Home/jre/lib/libzip.dylib
0x000000010d65c000 	/System/Library/Frameworks/JavaVM.framework/Frameworks/JavaRuntimeSupport.framework/JavaRuntimeSupport
0x000000011de86000 	/System/Library/Frameworks/JavaVM.framework/Versions/A/Frameworks/JavaNativeFoundation.framework/Versions/A/JavaNativeFoundation
0x000000011de9b000 	/System/Library/Frameworks/JavaVM.framework/Versions/A/JavaVM
0x0000000009232000 	/System/Library/Frameworks/Carbon.framework/Versions/A/Carbon
0x000000011dea8000 	/System/Library/PrivateFrameworks/JavaLaunching.framework/Versions/A/JavaLaunching
0x0000000009232000 	/System/Library/Frameworks/Carbon.framework/Versions/A/Frameworks/CommonPanels.framework/Versions/A/CommonPanels
0x0000000009232000 	/System/Library/Frameworks/Carbon.framework/Versions/A/Frameworks/Help.framework/Versions/A/Help
0x0000000009232000 	/System/Library/Frameworks/Carbon.framework/Versions/A/Frameworks/ImageCapture.framework/Versions/A/ImageCapture
0x0000000009232000 	/System/Library/Frameworks/Carbon.framework/Versions/A/Frameworks/OpenScripting.framework/Versions/A/OpenScripting
0x0000000009232000 	/System/Library/Frameworks/Carbon.framework/Versions/A/Frameworks/Print.framework/Versions/A/Print
0x0000000009232000 	/System/Library/Frameworks/Carbon.framework/Versions/A/Frameworks/SecurityHI.framework/Versions/A/SecurityHI
0x000000011f7b0000 	/Library/Java/JavaVirtualMachines/jdk1.8.0_101.jdk/Contents/Home/jre/lib/libdt_socket.dylib

VM Arguments:
jvm_args: -agentlib:jdwp=transport=dt_socket,suspend=y,address=localhost:54441 -Dfile.encoding=UTF-8 
java_command: com.kumanoit.arrays.page14.NutsBoltsProblem
java_class_path (initial): /Users/kuma/Documents/kumanoit/Project/Programs/JavaPrograms/bin
Launcher Type: SUN_STANDARD

Environment Variables:
PATH=/usr/bin:/bin:/usr/sbin:/sbin
SHELL=/bin/bash

Signal Handlers:
SIGSEGV: [libjvm.dylib+0x5af145], sa_mask[0]=11111111011111110111111111111111, sa_flags=SA_ONSTACK|SA_RESTART|SA_SIGINFO
SIGBUS: [libjvm.dylib+0x5af145], sa_mask[0]=11111111011111110111111111111111, sa_flags=SA_RESTART|SA_SIGINFO
SIGFPE: [libjvm.dylib+0x48694c], sa_mask[0]=11111111011111110111111111111111, sa_flags=SA_RESTART|SA_SIGINFO
SIGPIPE: [libjvm.dylib+0x48694c], sa_mask[0]=11111111011111110111111111111111, sa_flags=SA_RESTART|SA_SIGINFO
SIGXFSZ: [libjvm.dylib+0x48694c], sa_mask[0]=11111111011111110111111111111111, sa_flags=SA_RESTART|SA_SIGINFO
SIGILL: [libjvm.dylib+0x48694c], sa_mask[0]=11111111011111110111111111111111, sa_flags=SA_RESTART|SA_SIGINFO
SIGUSR1: SIG_DFL, sa_mask[0]=00000000000000000000000000000000, sa_flags=none
SIGUSR2: [libjvm.dylib+0x48646a], sa_mask[0]=00100000000000000000000000000000, sa_flags=SA_RESTART|SA_SIGINFO
SIGHUP: [libjvm.dylib+0x484a41], sa_mask[0]=11111111011111110111111111111111, sa_flags=SA_RESTART|SA_SIGINFO
SIGINT: [libjvm.dylib+0x484a41], sa_mask[0]=11111111011111110111111111111111, sa_flags=SA_RESTART|SA_SIGINFO
SIGTERM: [libjvm.dylib+0x484a41], sa_mask[0]=11111111011111110111111111111111, sa_flags=SA_RESTART|SA_SIGINFO
SIGQUIT: [libjvm.dylib+0x484a41], sa_mask[0]=11111111011111110111111111111111, sa_flags=SA_RESTART|SA_SIGINFO


---------------  S Y S T E M  ---------------

OS:Bsduname:Darwin 16.4.0 Darwin Kernel Version 16.4.0: Thu Dec 22 22:53:21 PST 2016; root:xnu-3789.41.3~3/RELEASE_X86_64 x86_64
rlimit: STACK 8192k, CORE 0k, NPROC 709, NOFILE 10240, AS infinity
load average:1.40 1.55 1.68

CPU:total 8 (4 cores per cpu, 2 threads per core) family 6 model 70 stepping 1, cmov, cx8, fxsr, mmx, sse, sse2, sse3, ssse3, sse4.1, sse4.2, popcnt, avx, avx2, aes, clmul, erms, lzcnt, ht, tsc, tscinvbit, bmi1, bmi2

Memory: 4k page, physical 16777216k(503680k free)

/proc/meminfo:


vm_info: Java HotSpot(TM) 64-Bit Server VM (25.101-b13) for bsd-amd64 JRE (1.8.0_101-b13), built on Jun 22 2016 02:42:15 by "java_re" with gcc 4.2.1 (Based on Apple Inc. build 5658) (LLVM build 2336.11.00)

time: Tue Feb 28 17:24:14 2017
elapsed time: 15984 seconds (0d 4h 26m 24s)

